android/app/build/intermediates/manifest_merge_blame_file/release/manifest-merger-blame-release-report.txt
1<?xml version="1.0" encoding="utf-8"?>
2<manifest xmlns:android="http://schemas.android.com/apk/res/android"
3    package="com.awesomeproject"
4    android:versionCode="1"
5    android:versionName="1.0" >
6
7    <uses-sdk
8        android:minSdkVersion="21"
8-->src/main/AndroidManifest.xml
9        android:targetSdkVersion="31" />
9-->src/main/AndroidManifest.xml
10
11    <uses-permission android:name="android.permission.INTERNET" />
11-->src/main/AndroidManifest.xml:4:5-67
11-->src/main/AndroidManifest.xml:4:22-64
12    <uses-permission android:name="android.permission.ACCESS_NETWORK_STATE" />
12-->[:sentry_react-native] AndroidManifest.xml:10:5-79
12-->[:sentry_react-native] AndroidManifest.xml:10:22-76
13
14    <application
14-->src/main/AndroidManifest.xml:6:5-25:19
15        android:name="com.awesomeproject.MainApplication"
15-->src/main/AndroidManifest.xml:7:7-38
16        android:allowBackup="false"
16-->src/main/AndroidManifest.xml:11:7-34
17        android:appComponentFactory="androidx.core.app.CoreComponentFactory"
17-->[androidx.core:core:1.3.2] AndroidManifest.xml:24:18-86
18        android:icon="@mipmap/ic_launcher"
18-->src/main/AndroidManifest.xml:9:7-41
19        android:label="@string/app_name"
19-->src/main/AndroidManifest.xml:8:7-39
20        android:roundIcon="@mipmap/ic_launcher_round"
20-->src/main/AndroidManifest.xml:10:7-52
21        android:theme="@style/AppTheme" >
21-->src/main/AndroidManifest.xml:12:7-38
22        <activity
22-->src/main/AndroidManifest.xml:13:7-24:18
23            android:name="com.awesomeproject.MainActivity"
23-->src/main/AndroidManifest.xml:14:9-37
24            android:configChanges="keyboard|keyboardHidden|orientation|screenLayout|screenSize|smallestScreenSize|uiMode"
24-->src/main/AndroidManifest.xml:16:9-118
25            android:exported="true"
25-->src/main/AndroidManifest.xml:19:9-32
26            android:label="@string/app_name"
26-->src/main/AndroidManifest.xml:15:9-41
27            android:launchMode="singleTask"
27-->src/main/AndroidManifest.xml:17:9-40
28            android:windowSoftInputMode="adjustResize" >
28-->src/main/AndroidManifest.xml:18:9-51
29            <intent-filter>
29-->src/main/AndroidManifest.xml:20:9-23:25
30                <action android:name="android.intent.action.MAIN" />
30-->src/main/AndroidManifest.xml:21:13-65
30-->src/main/AndroidManifest.xml:21:21-62
31
32                <category android:name="android.intent.category.LAUNCHER" />
32-->src/main/AndroidManifest.xml:22:13-73
32-->src/main/AndroidManifest.xml:22:23-70
33            </intent-filter>
34        </activity>
35
36        <meta-data
36-->[:sentry_react-native] AndroidManifest.xml:13:9-15:37
37            android:name="io.sentry.auto-init"
37-->[:sentry_react-native] AndroidManifest.xml:14:13-47
38            android:value="false" /> <!-- 'android:authorities' must be unique in the device, across all apps -->
38-->[:sentry_react-native] AndroidManifest.xml:15:13-34
39        <provider
39-->[io.sentry:sentry-android-core:5.7.0] AndroidManifest.xml:14:9-17:40
40            android:name="io.sentry.android.core.SentryInitProvider"
40-->[io.sentry:sentry-android-core:5.7.0] AndroidManifest.xml:15:13-69
41            android:authorities="com.awesomeproject.SentryInitProvider"
41-->[io.sentry:sentry-android-core:5.7.0] AndroidManifest.xml:16:13-70
42            android:exported="false" />
42-->[io.sentry:sentry-android-core:5.7.0] AndroidManifest.xml:17:13-37
43        <provider
43-->[io.sentry:sentry-android-core:5.7.0] AndroidManifest.xml:18:9-22:39
44            android:name="io.sentry.android.core.SentryPerformanceProvider"
44-->[io.sentry:sentry-android-core:5.7.0] AndroidManifest.xml:19:13-76
45            android:authorities="com.awesomeproject.SentryPerformanceProvider"
45-->[io.sentry:sentry-android-core:5.7.0] AndroidManifest.xml:20:13-77
46            android:exported="false"
46-->[io.sentry:sentry-android-core:5.7.0] AndroidManifest.xml:21:13-37
47            android:initOrder="200" />
47-->[io.sentry:sentry-android-core:5.7.0] AndroidManifest.xml:22:13-36
48        <provider
48-->[androidx.lifecycle:lifecycle-process:2.2.0] AndroidManifest.xml:25:9-29:43
49            android:name="androidx.lifecycle.ProcessLifecycleOwnerInitializer"
49-->[androidx.lifecycle:lifecycle-process:2.2.0] AndroidManifest.xml:26:13-79
50            android:authorities="com.awesomeproject.lifecycle-process"
50-->[androidx.lifecycle:lifecycle-process:2.2.0] AndroidManifest.xml:27:13-69
51            android:exported="false"
51-->[androidx.lifecycle:lifecycle-process:2.2.0] AndroidManifest.xml:28:13-37
52            android:multiprocess="true" />
52-->[androidx.lifecycle:lifecycle-process:2.2.0] AndroidManifest.xml:29:13-40
53    </application>
54
55</manifest>